# Logfile created on 2014-02-21 20:02:36 +0100 by logger.rb/44203
I, [2014-02-21T20:02:36.382871 #3093]  INFO -- : 0:  rake (10.1.1) from /home/student/.rvm/gems/ruby-2.1.0/specifications/rake-10.1.1.gemspec
I, [2014-02-21T20:02:36.383398 #3093]  INFO -- : 0:  i18n (0.6.9) from /home/student/.rvm/gems/ruby-2.1.0/specifications/i18n-0.6.9.gemspec
I, [2014-02-21T20:02:36.406089 #3093]  INFO -- : 0:  minitest (4.7.5) from /home/student/.rvm/gems/ruby-2.1.0/specifications/minitest-4.7.5.gemspec
I, [2014-02-21T20:02:36.406650 #3093]  INFO -- : 0:  multi_json (1.8.4) from /home/student/.rvm/gems/ruby-2.1.0/specifications/multi_json-1.8.4.gemspec
I, [2014-02-21T20:02:36.407296 #3093]  INFO -- : 0:  atomic (1.1.14) from /home/student/.rvm/gems/ruby-2.1.0/specifications/atomic-1.1.14.gemspec
I, [2014-02-21T20:02:36.407882 #3093]  INFO -- : 0:  thread_safe (0.1.3) from /home/student/.rvm/gems/ruby-2.1.0/specifications/thread_safe-0.1.3.gemspec
I, [2014-02-21T20:02:36.408273 #3093]  INFO -- : 0:  tzinfo (0.3.38) from /home/student/.rvm/gems/ruby-2.1.0/specifications/tzinfo-0.3.38.gemspec
I, [2014-02-21T20:02:36.408676 #3093]  INFO -- : 0:  activesupport (4.0.3) from /home/student/.rvm/gems/ruby-2.1.0/specifications/activesupport-4.0.3.gemspec
I, [2014-02-21T20:02:36.409178 #3093]  INFO -- : 0:  builder (3.1.4) from /home/student/.rvm/gems/ruby-2.1.0/specifications/builder-3.1.4.gemspec
I, [2014-02-21T20:02:36.409645 #3093]  INFO -- : 0:  erubis (2.7.0) from /home/student/.rvm/gems/ruby-2.1.0/specifications/erubis-2.7.0.gemspec
I, [2014-02-21T20:02:36.414589 #3093]  INFO -- : 0:  rack (1.5.2) from /home/student/.rvm/gems/ruby-2.1.0/specifications/rack-1.5.2.gemspec
I, [2014-02-21T20:02:36.415044 #3093]  INFO -- : 0:  rack-test (0.6.2) from /home/student/.rvm/gems/ruby-2.1.0/specifications/rack-test-0.6.2.gemspec
I, [2014-02-21T20:02:36.415403 #3093]  INFO -- : 0:  actionpack (4.0.3) from /home/student/.rvm/gems/ruby-2.1.0/specifications/actionpack-4.0.3.gemspec
I, [2014-02-21T20:02:36.415785 #3093]  INFO -- : 0:  mime-types (1.25.1) from /home/student/.rvm/gems/ruby-2.1.0/specifications/mime-types-1.25.1.gemspec
I, [2014-02-21T20:02:36.416209 #3093]  INFO -- : 0:  polyglot (0.3.4) from /home/student/.rvm/gems/ruby-2.1.0/specifications/polyglot-0.3.4.gemspec
I, [2014-02-21T20:02:36.416595 #3093]  INFO -- : 0:  treetop (1.4.15) from /home/student/.rvm/gems/ruby-2.1.0/specifications/treetop-1.4.15.gemspec
I, [2014-02-21T20:02:36.416922 #3093]  INFO -- : 0:  mail (2.5.4) from /home/student/.rvm/gems/ruby-2.1.0/specifications/mail-2.5.4.gemspec
I, [2014-02-21T20:02:36.417315 #3093]  INFO -- : 0:  actionmailer (4.0.3) from /home/student/.rvm/gems/ruby-2.1.0/specifications/actionmailer-4.0.3.gemspec
I, [2014-02-21T20:02:36.417701 #3093]  INFO -- : 0:  activemodel (4.0.3) from /home/student/.rvm/gems/ruby-2.1.0/specifications/activemodel-4.0.3.gemspec
I, [2014-02-21T20:02:36.418071 #3093]  INFO -- : 0:  activerecord-deprecated_finders (1.0.3) from /home/student/.rvm/gems/ruby-2.1.0/specifications/activerecord-deprecated_finders-1.0.3.gemspec
I, [2014-02-21T20:02:36.418403 #3093]  INFO -- : 0:  arel (4.0.2) from /home/student/.rvm/gems/ruby-2.1.0/specifications/arel-4.0.2.gemspec
I, [2014-02-21T20:02:36.419386 #3093]  INFO -- : 0:  activerecord (4.0.3) from /home/student/.rvm/gems/ruby-2.1.0/specifications/activerecord-4.0.3.gemspec
I, [2014-02-21T20:02:36.420356 #3093]  INFO -- : 0:  bundler (1.5.0) from /home/student/.rvm/gems/ruby-2.1.0@global/specifications/bundler-1.5.0.gemspec
I, [2014-02-21T20:02:36.420997 #3093]  INFO -- : 0:  coffee-script-source (1.7.0) from /home/student/.rvm/gems/ruby-2.1.0/specifications/coffee-script-source-1.7.0.gemspec
I, [2014-02-21T20:02:36.421369 #3093]  INFO -- : 0:  execjs (2.0.2) from /home/student/.rvm/gems/ruby-2.1.0/specifications/execjs-2.0.2.gemspec
I, [2014-02-21T20:02:36.421748 #3093]  INFO -- : 0:  coffee-script (2.2.0) from /home/student/.rvm/gems/ruby-2.1.0/specifications/coffee-script-2.2.0.gemspec
I, [2014-02-21T20:02:36.422130 #3093]  INFO -- : 0:  thor (0.18.1) from /home/student/.rvm/gems/ruby-2.1.0/specifications/thor-0.18.1.gemspec
I, [2014-02-21T20:02:36.422501 #3093]  INFO -- : 0:  railties (4.0.3) from /home/student/.rvm/gems/ruby-2.1.0/specifications/railties-4.0.3.gemspec
I, [2014-02-21T20:02:36.422775 #3093]  INFO -- : 0:  coffee-rails (4.0.1) from /home/student/.rvm/gems/ruby-2.1.0/specifications/coffee-rails-4.0.1.gemspec
I, [2014-02-21T20:02:36.423065 #3093]  INFO -- : 0:  hike (1.2.3) from /home/student/.rvm/gems/ruby-2.1.0/specifications/hike-1.2.3.gemspec
I, [2014-02-21T20:02:36.423505 #3093]  INFO -- : 0:  jbuilder (1.5.3) from /home/student/.rvm/gems/ruby-2.1.0/specifications/jbuilder-1.5.3.gemspec
I, [2014-02-21T20:02:36.423903 #3093]  INFO -- : 0:  jquery-rails (3.1.0) from /home/student/.rvm/gems/ruby-2.1.0/specifications/jquery-rails-3.1.0.gemspec
I, [2014-02-21T20:02:37.575707 #3093]  INFO -- : 0:  json (1.8.1) from /home/student/.rvm/gems/ruby-2.1.0/specifications/json-1.8.1.gemspec
I, [2014-02-21T20:02:41.042568 #3093]  INFO -- : 0:  posix-spawn (0.3.8) from /home/student/.rvm/gems/ruby-2.1.0/specifications/posix-spawn-0.3.8.gemspec
I, [2014-02-21T20:03:10.105086 #3093]  INFO -- : 0:  yajl-ruby (1.1.0) from /home/student/.rvm/gems/ruby-2.1.0/specifications/yajl-ruby-1.1.0.gemspec
I, [2014-02-21T20:03:23.594648 #3093]  INFO -- : 0:  pygments.rb (0.5.4) from /home/student/.rvm/gems/ruby-2.1.0/specifications/pygments.rb-0.5.4.gemspec
I, [2014-02-21T20:03:24.957664 #3093]  INFO -- : 0:  quiet_assets (1.0.2) from /home/student/.rvm/gems/ruby-2.1.0/specifications/quiet_assets-1.0.2.gemspec
I, [2014-02-21T20:03:24.958544 #3093]  INFO -- : 0:  tilt (1.4.1) from /home/student/.rvm/gems/ruby-2.1.0/specifications/tilt-1.4.1.gemspec
I, [2014-02-21T20:03:24.959219 #3093]  INFO -- : 0:  sprockets (2.11.0) from /home/student/.rvm/gems/ruby-2.1.0/specifications/sprockets-2.11.0.gemspec
I, [2014-02-21T20:03:24.959893 #3093]  INFO -- : 0:  sprockets-rails (2.0.1) from /home/student/.rvm/gems/ruby-2.1.0/specifications/sprockets-rails-2.0.1.gemspec
I, [2014-02-21T20:03:24.960574 #3093]  INFO -- : 0:  rails (4.0.3) from /home/student/.rvm/gems/ruby-2.1.0/specifications/rails-4.0.3.gemspec
I, [2014-02-21T20:03:24.961239 #3093]  INFO -- : 0:  rdoc (4.1.1) from /home/student/.rvm/gems/ruby-2.1.0/specifications/rdoc-4.1.1.gemspec
I, [2014-02-21T20:03:34.904989 #3093]  INFO -- : 0:  redcarpet (3.1.1) from /home/student/.rvm/gems/ruby-2.1.0/specifications/redcarpet-3.1.1.gemspec
I, [2014-02-21T20:03:34.905649 #3093]  INFO -- : 0:  sass (3.2.14) from /home/student/.rvm/gems/ruby-2.1.0/specifications/sass-3.2.14.gemspec
I, [2014-02-21T20:03:34.906073 #3093]  INFO -- : 0:  sass-rails (4.0.1) from /home/student/.rvm/gems/ruby-2.1.0/specifications/sass-rails-4.0.1.gemspec
I, [2014-02-21T20:03:34.906472 #3093]  INFO -- : 0:  sdoc (0.4.0) from /home/student/.rvm/gems/ruby-2.1.0/specifications/sdoc-0.4.0.gemspec
I, [2014-02-21T20:03:34.906862 #3093]  INFO -- : 0:  sqlite3 (1.3.8) from /home/student/.rvm/gems/ruby-2.1.0/specifications/sqlite3-1.3.8.gemspec
I, [2014-02-21T20:03:34.907015 #3093]  INFO -- : 0:  turbolinks (2.2.1) from /home/student/.rvm/gems/ruby-2.1.0/specifications/turbolinks-2.2.1.gemspec
I, [2014-02-21T20:03:34.907409 #3093]  INFO -- : 0:  uglifier (2.4.0) from /home/student/.rvm/gems/ruby-2.1.0/specifications/uglifier-2.4.0.gemspec
